<?xml version="1.0" encoding="UTF-8"?>
<!-- Generated by org.testng.reporters.JUnitXMLReporter -->
<testsuite hostname="C02CF1SCLVDL" ignored="0" name="Test" tests="3" failures="1" timestamp="2023-03-14T19:21:40 PDT" time="0.04" errors="0">
  <testcase name="UserReg" time="0.01" classname="TestCases.TestCase2">
    <failure type="java.lang.AssertionError" message="Failing the UserReg test">
      <![CDATA[java.lang.AssertionError: Failing the UserReg test
at TestCases.TestCase2.UserReg(TestCase2.java:18)
at java.util.ArrayList.forEach(ArrayList.java:1259)
... Removed 28 stack frames]]>
    </failure>
  </testcase> <!-- UserReg -->
  <testcase name="doLogin" time="0.001" classname="TestCases.TestCase2"/>
  <testcase name="isSkip" time="0.001" classname="TestCases.TestCase2">
    <skipped/>
  </testcase> <!-- isSkip -->
</testsuite> <!-- Test -->
